Using pre-set license
Built from '2020.3/release' branch; Version is '2020.3.7f1 (dd97f2c94397) revision 14522354'; Using compiler version '192528614'; Build Type 'Release'
OS: 'Windows 10 Home; OS build 19043.1766; Version 2009; 64bit' Language: 'ja' Physical Memory: 32698 MB
BatchMode: 1, IsHumanControllingUs: 0, StartBugReporterOnCrash: 0, Is64bit: 1, IsPro: 0

 COMMAND LINE ARGUMENTS:
C:\Program Files\2020.3.7f1\Editor\Unity.exe
-adb2
-batchMode
-noUpm
-name
AssetImportWorker0
-projectPath
C:/Users/nekut/OneDrive/ドキュメント/CoinRine
-logFile
Logs/AssetImportWorker0.log
-srvPort
50701
Successfully changed project path to: C:/Users/nekut/OneDrive/ドキュメント/CoinRine
C:/Users/nekut/OneDrive/ドキュメント/CoinRine
Using Asset Import Pipeline V2.
Refreshing native plugins compatible for Editor in 32.43 ms, found 1 plugins.
Preloading 0 native plugins for Editor in 0.00 ms.
Initialize engine version: 2020.3.7f1 (dd97f2c94397)
[Subsystems] Discovering subsystems at path C:/Program Files/2020.3.7f1/Editor/Data/Resources/UnitySubsystems
[Subsystems] Discovering subsystems at path C:/Users/nekut/OneDrive/ドキュメント/CoinRine/Assets
GfxDevice: creating device client; threaded=0
Direct3D:
    Version:  Direct3D 11.0 [level 11.1]
    Renderer: NVIDIA GeForce RTX 3060 (ID=0x2503)
    Vendor:   
    VRAM:     12143 MB
    Driver:   27.21.14.6172
Initialize mono
Mono path[0] = 'C:/Program Files/2020.3.7f1/Editor/Data/Managed'
Mono path[1] = 'C:/Program Files/2020.3.7f1/Editor/Data/MonoBleedingEdge/lib/mono/unityjit'
Mono config path = 'C:/Program Files/2020.3.7f1/Editor/Data/MonoBleedingEdge/etc'
Using monoOptions --debugger-agent=transport=dt_socket,embedding=1,server=y,suspend=n,address=127.0.0.1:56692
Begin MonoManager ReloadAssembly
Registering precompiled unity dll's ...
Register platform support module: C:/Program Files/2020.3.7f1/Editor/Data/PlaybackEngines/WebGLSupport/UnityEditor.WebGL.Extensions.dll
Register platform support module: C:/Program Files/2020.3.7f1/Editor/Data/PlaybackEngines/WindowsStandaloneSupport/UnityEditor.WindowsStandalone.Extensions.dll
Registered in 0.002053 seconds.
Native extension for WindowsStandalone target not found
Native extension for WebGL target not found
Refreshing native plugins compatible for Editor in 33.18 ms, found 1 plugins.
Preloading 0 native plugins for Editor in 0.00 ms.
Mono: successfully reloaded assembly
- Completed reload, in  1.147 seconds
Platform modules already initialized, skipping
Registering precompiled user dll's ...
Registered in 0.000814 seconds.
Begin MonoManager ReloadAssembly
Native extension for WindowsStandalone target not found
Native extension for WebGL target not found
Refreshing native plugins compatible for Editor in 35.26 ms, found 1 plugins.
Preloading 0 native plugins for Editor in 0.00 ms.
Mono: successfully reloaded assembly
- Completed reload, in  0.841 seconds
Platform modules already initialized, skipping
========================================================================
Worker process is ready to serve import requests
Launched and connected shader compiler UnityShaderCompiler.exe after 0.05 seconds
Refreshing native plugins compatible for Editor in 0.81 ms, found 1 plugins.
Preloading 0 native plugins for Editor in 0.00 ms.
Unloading 1860 Unused Serialized files (Serialized files now loaded: 0)
System memory in use before: 90.1 MB.
System memory in use after: 90.2 MB.

Unloading 19 unused Assets to reduce memory usage. Loaded Objects now: 2307.
Total: 2.075200 ms (FindLiveObjects: 0.347400 ms CreateObjectMapping: 0.059500 ms MarkObjects: 1.592900 ms  DeleteObjects: 0.074100 ms)

========================================================================
Received Import Request.
  path: Assets/Prehub/GBookS.prefab
  artifactKey: Guid(285f234c9d1beef44b7d4e075cbb0afd) Importer(815301076,1909f56bfc062723c751e8b465ee728b)
Start importing Assets/Prehub/GBookS.prefab using Guid(285f234c9d1beef44b7d4e075cbb0afd) Importer(815301076,1909f56bfc062723c751e8b465ee728b)  -> (artifact id: '9b9303abf5f6e982102fc15bfc221a05') in 0.124363 seconds
  Import took 0.128523 seconds .

========================================================================
Received Import Request.
  Time since last request: 0.000277 seconds.
  path: Assets/Prehub/YBookS.prefab
  artifactKey: Guid(eb252386b856b8d448dd075ff842a75f) Importer(815301076,1909f56bfc062723c751e8b465ee728b)
Start importing Assets/Prehub/YBookS.prefab using Guid(eb252386b856b8d448dd075ff842a75f) Importer(815301076,1909f56bfc062723c751e8b465ee728b)  -> (artifact id: 'c9a36d9badc70eb4078acc105ba45cd8') in 0.014872 seconds
  Import took 0.018360 seconds .

========================================================================
Received Import Request.
  Time since last request: 0.000246 seconds.
  path: Assets/Prehub/YBookF.prefab
  artifactKey: Guid(6f9b73b2dfc681048b0266d94120bf5d) Importer(815301076,1909f56bfc062723c751e8b465ee728b)
Start importing Assets/Prehub/YBookF.prefab using Guid(6f9b73b2dfc681048b0266d94120bf5d) Importer(815301076,1909f56bfc062723c751e8b465ee728b)  -> (artifact id: '71f981bdd8de86e1a771bcc6842d1cf9') in 0.015352 seconds
  Import took 0.019447 seconds .

========================================================================
Received Import Request.
  Time since last request: 0.000236 seconds.
  path: Assets/Prehub/BBookF.prefab
  artifactKey: Guid(20583d13998b0f64c9a47ea0ef9567b9) Importer(815301076,1909f56bfc062723c751e8b465ee728b)
Start importing Assets/Prehub/BBookF.prefab using Guid(20583d13998b0f64c9a47ea0ef9567b9) Importer(815301076,1909f56bfc062723c751e8b465ee728b)  -> (artifact id: '496ca374eb9a1bf9832f6fbee8020d2e') in 0.011905 seconds
  Import took 0.015462 seconds .

========================================================================
Received Import Request.
  Time since last request: 0.000215 seconds.
  path: Assets/Prehub/Cup.prefab
  artifactKey: Guid(fa9f637e88f15f141bbda7afc6ebfb47) Importer(815301076,1909f56bfc062723c751e8b465ee728b)
Start importing Assets/Prehub/Cup.prefab using Guid(fa9f637e88f15f141bbda7afc6ebfb47) Importer(815301076,1909f56bfc062723c751e8b465ee728b)  -> (artifact id: '2e3d92d0d03495d23457329dd824e68e') in 0.012903 seconds
  Import took 0.016515 seconds .

========================================================================
Received Import Request.
  Time since last request: 0.000164 seconds.
  path: Assets/Prehub/Goal.prefab
  artifactKey: Guid(ef185187a4fbbd044a4bd59ddb580446) Importer(815301076,1909f56bfc062723c751e8b465ee728b)
Start importing Assets/Prehub/Goal.prefab using Guid(ef185187a4fbbd044a4bd59ddb580446) Importer(815301076,1909f56bfc062723c751e8b465ee728b)  -> (artifact id: '50bc10661339333a76478976d07c167c') in 0.013070 seconds
  Import took 0.016091 seconds .

========================================================================
Received Import Request.
  Time since last request: 0.000180 seconds.
  path: Assets/Prehub/PlayerCoin.prefab
  artifactKey: Guid(f0e2c219e9af1e8458ac2bdbc7d1953b) Importer(815301076,1909f56bfc062723c751e8b465ee728b)
Start importing Assets/Prehub/PlayerCoin.prefab using Guid(f0e2c219e9af1e8458ac2bdbc7d1953b) Importer(815301076,1909f56bfc062723c751e8b465ee728b)  -> (artifact id: '8e52b00ed96e935e430666db62e84acb') in 0.013110 seconds
  Import took 0.015974 seconds .

========================================================================
Received Import Request.
  Time since last request: 0.000169 seconds.
  path: Assets/Prehub/OCan (2).prefab
  artifactKey: Guid(391630a328f0ca041b8cc0170f9ae0e1) Importer(815301076,1909f56bfc062723c751e8b465ee728b)
Start importing Assets/Prehub/OCan (2).prefab using Guid(391630a328f0ca041b8cc0170f9ae0e1) Importer(815301076,1909f56bfc062723c751e8b465ee728b)  -> (artifact id: '441e92875f754a2220f02030194925fc') in 0.012879 seconds
  Import took 0.015664 seconds .

========================================================================
Received Import Request.
  Time since last request: 0.000176 seconds.
  path: Assets/Prehub/GroundCoin.prefab
  artifactKey: Guid(ffe840445db63644283d1fadb17f10a5) Importer(815301076,1909f56bfc062723c751e8b465ee728b)
Start importing Assets/Prehub/GroundCoin.prefab using Guid(ffe840445db63644283d1fadb17f10a5) Importer(815301076,1909f56bfc062723c751e8b465ee728b)  -> (artifact id: 'ed9dd7f1c3e7713ae3173070875270b9') in 0.011425 seconds
  Import took 0.014124 seconds .

========================================================================
Received Import Request.
  Time since last request: 0.000159 seconds.
  path: Assets/Prehub/RBookS.prefab
  artifactKey: Guid(51999047221e9a64bb9b9f78d891d2cb) Importer(815301076,1909f56bfc062723c751e8b465ee728b)
Start importing Assets/Prehub/RBookS.prefab using Guid(51999047221e9a64bb9b9f78d891d2cb) Importer(815301076,1909f56bfc062723c751e8b465ee728b)  -> (artifact id: '6635b33ae370dfec40f70ff71cc96d49') in 0.010254 seconds
  Import took 0.013014 seconds .

========================================================================
Received Import Request.
  Time since last request: 0.000190 seconds.
  path: Assets/Prehub/RBookP.prefab
  artifactKey: Guid(7ab8cb470590e1a49851c8e42eb05938) Importer(815301076,1909f56bfc062723c751e8b465ee728b)
Start importing Assets/Prehub/RBookP.prefab using Guid(7ab8cb470590e1a49851c8e42eb05938) Importer(815301076,1909f56bfc062723c751e8b465ee728b)  -> (artifact id: '7b3cef59d71efe982440f78931d9dad0') in 0.012044 seconds
  Import took 0.014691 seconds .

========================================================================
Received Import Request.
  Time since last request: 0.000197 seconds.
  path: Assets/Prehub/RCan.prefab
  artifactKey: Guid(7e05274d6f2ce384ea540d655378ee46) Importer(815301076,1909f56bfc062723c751e8b465ee728b)
Start importing Assets/Prehub/RCan.prefab using Guid(7e05274d6f2ce384ea540d655378ee46) Importer(815301076,1909f56bfc062723c751e8b465ee728b)  -> (artifact id: '406475c3f81a7da4bdaa162d4f37399e') in 0.010736 seconds
  Import took 0.013664 seconds .

========================================================================
Received Import Request.
  Time since last request: 0.000174 seconds.
  path: Assets/Prehub/Cuip&Pen.prefab
  artifactKey: Guid(77e0452bb9ac9ac4795f1a5b60b8740b) Importer(815301076,1909f56bfc062723c751e8b465ee728b)
Start importing Assets/Prehub/Cuip&Pen.prefab using Guid(77e0452bb9ac9ac4795f1a5b60b8740b) Importer(815301076,1909f56bfc062723c751e8b465ee728b)  -> (artifact id: '00b55def2679a4d0c039fcf1eec4baec') in 0.012827 seconds
  Import took 0.015575 seconds .

========================================================================
Received Import Request.
  Time since last request: 0.000152 seconds.
  path: Assets/Prehub/YBookP.prefab
  artifactKey: Guid(6f04cf1588d7f984199c6d5219626fee) Importer(815301076,1909f56bfc062723c751e8b465ee728b)
Start importing Assets/Prehub/YBookP.prefab using Guid(6f04cf1588d7f984199c6d5219626fee) Importer(815301076,1909f56bfc062723c751e8b465ee728b)  -> (artifact id: 'bf3a1b731c874d5f4329b5858d56d8fa') in 0.014711 seconds
  Import took 0.017388 seconds .

========================================================================
Received Import Request.
  Time since last request: 0.000187 seconds.
  path: Assets/Prehub/Elaser.prefab
  artifactKey: Guid(2408e4c9d93bb0049a1a632c8afa3cd9) Importer(815301076,1909f56bfc062723c751e8b465ee728b)
Start importing Assets/Prehub/Elaser.prefab using Guid(2408e4c9d93bb0049a1a632c8afa3cd9) Importer(815301076,1909f56bfc062723c751e8b465ee728b)  -> (artifact id: '72424670bb6f8de486e9a77613e5d16c') in 0.010738 seconds
  Import took 0.013468 seconds .

========================================================================
Received Import Request.
  Time since last request: 0.000171 seconds.
  path: Assets/Prehub/GBookP.prefab
  artifactKey: Guid(f4c1b567613fca540b38d9e448a8fd56) Importer(815301076,1909f56bfc062723c751e8b465ee728b)
Start importing Assets/Prehub/GBookP.prefab using Guid(f4c1b567613fca540b38d9e448a8fd56) Importer(815301076,1909f56bfc062723c751e8b465ee728b)  -> (artifact id: '481e8d0a267d95b8ea19a1c358eacbf5') in 0.010008 seconds
  Import took 0.012858 seconds .

========================================================================
Received Import Request.
  Time since last request: 0.000168 seconds.
  path: Assets/Prehub/RBookF.prefab
  artifactKey: Guid(f11faf1b83cbce6458135abe5f04c3f0) Importer(815301076,1909f56bfc062723c751e8b465ee728b)
Start importing Assets/Prehub/RBookF.prefab using Guid(f11faf1b83cbce6458135abe5f04c3f0) Importer(815301076,1909f56bfc062723c751e8b465ee728b)  -> (artifact id: '75c9a10d211b260b2e788821acf029d3') in 0.013393 seconds
  Import took 0.016080 seconds .

========================================================================
Received Import Request.
  Time since last request: 0.000195 seconds.
  path: Assets/Prehub/BBookS .prefab
  artifactKey: Guid(cb32eb50768974a42a4acd0c5f29f2f0) Importer(815301076,1909f56bfc062723c751e8b465ee728b)
Start importing Assets/Prehub/BBookS .prefab using Guid(cb32eb50768974a42a4acd0c5f29f2f0) Importer(815301076,1909f56bfc062723c751e8b465ee728b)  -> (artifact id: '7dcf57dbf54ab5c97b85cc957f08f362') in 0.013737 seconds
  Import took 0.016682 seconds .

========================================================================
Received Import Request.
  Time since last request: 0.000165 seconds.
  path: Assets/Prehub/GBookF.prefab
  artifactKey: Guid(ba638c158b84d0d449ca948690e4a653) Importer(815301076,1909f56bfc062723c751e8b465ee728b)
Start importing Assets/Prehub/GBookF.prefab using Guid(ba638c158b84d0d449ca948690e4a653) Importer(815301076,1909f56bfc062723c751e8b465ee728b)  -> (artifact id: '9c98dcda541685617059db8638226a37') in 0.009502 seconds
  Import took 0.012091 seconds .

========================================================================
Received Import Request.
  Time since last request: 0.000159 seconds.
  path: Assets/Image/add.png
  artifactKey: Guid(1d1904326199ce34687673e0fd24ed28) Importer(815301076,1909f56bfc062723c751e8b465ee728b)
Start importing Assets/Image/add.png using Guid(1d1904326199ce34687673e0fd24ed28) Importer(815301076,1909f56bfc062723c751e8b465ee728b)  -> (artifact id: 'edb538d56fcc0b2a2c93c438bbdaea82') in 0.077214 seconds
  Import took 0.079767 seconds .

========================================================================
Received Import Request.
  Time since last request: 0.000181 seconds.
  path: Assets/Prehub/GCan (3).prefab
  artifactKey: Guid(f7c34e37b6179524eb7e629e381b4947) Importer(815301076,1909f56bfc062723c751e8b465ee728b)
Start importing Assets/Prehub/GCan (3).prefab using Guid(f7c34e37b6179524eb7e629e381b4947) Importer(815301076,1909f56bfc062723c751e8b465ee728b)  -> (artifact id: '47aec3d2e501190ec36d6562d3123d17') in 0.013300 seconds
  Import took 0.016050 seconds .

========================================================================
Received Import Request.
  Time since last request: 0.000169 seconds.
  path: Assets/Prehub/Pen.prefab
  artifactKey: Guid(249c30b50951e044785a57c3ece12d03) Importer(815301076,1909f56bfc062723c751e8b465ee728b)
Start importing Assets/Prehub/Pen.prefab using Guid(249c30b50951e044785a57c3ece12d03) Importer(815301076,1909f56bfc062723c751e8b465ee728b)  -> (artifact id: 'ba499ccd0485126739f9a354141b8cf8') in 0.013684 seconds
  Import took 0.016513 seconds .

========================================================================
Received Import Request.
  Time since last request: 0.000183 seconds.
  path: Assets/Prehub/BBookP.prefab
  artifactKey: Guid(ca3b37f1332a0b94a9ff7979e20ee916) Importer(815301076,1909f56bfc062723c751e8b465ee728b)
Start importing Assets/Prehub/BBookP.prefab using Guid(ca3b37f1332a0b94a9ff7979e20ee916) Importer(815301076,1909f56bfc062723c751e8b465ee728b)  -> (artifact id: '60c65575ca3f96e79bbbab9e8810c8a1') in 0.011871 seconds
  Import took 0.014715 seconds .

========================================================================
Received Import Request.
  Time since last request: 0.000153 seconds.
  path: Assets/Prehub/BCan (1).prefab
  artifactKey: Guid(fd774a6aea2753b45ab8397ac16c64b3) Importer(815301076,1909f56bfc062723c751e8b465ee728b)
Start importing Assets/Prehub/BCan (1).prefab using Guid(fd774a6aea2753b45ab8397ac16c64b3) Importer(815301076,1909f56bfc062723c751e8b465ee728b)  -> (artifact id: '87a27fbbdc80477e382343f380d87d61') in 0.010576 seconds
  Import took 0.013427 seconds .

========================================================================
Received Import Request.
  Time since last request: 843.259517 seconds.
  path: Assets/Scenes/Main.unity
  artifactKey: Guid(66aec497519245547bb62e8efbd5f34c) Importer(815301076,1909f56bfc062723c751e8b465ee728b)
Start importing Assets/Scenes/Main.unity using Guid(66aec497519245547bb62e8efbd5f34c) Importer(815301076,1909f56bfc062723c751e8b465ee728b)  -> (artifact id: '6b1ac234dd27f230e45196997c880061') in 0.005927 seconds
  Import took 0.009279 seconds .

========================================================================
Received Import Request.
  Time since last request: 0.007059 seconds.
  path: Assets/Scenes/Main.unity
  artifactKey: Guid(66aec497519245547bb62e8efbd5f34c) Importer(815301076,1909f56bfc062723c751e8b465ee728b)
Start importing Assets/Scenes/Main.unity using Guid(66aec497519245547bb62e8efbd5f34c) Importer(815301076,1909f56bfc062723c751e8b465ee728b)  -> (artifact id: '6b1ac234dd27f230e45196997c880061') in 0.002480 seconds
  Import took 0.005693 seconds .

========================================================================
Received Import Request.
  Time since last request: 33.741441 seconds.
  path: Assets/Scenes/Stage
  artifactKey: Guid(6eabc91dae53cac47996bc1912996519) Importer(815301076,1909f56bfc062723c751e8b465ee728b)
Start importing Assets/Scenes/Stage using Guid(6eabc91dae53cac47996bc1912996519) Importer(815301076,1909f56bfc062723c751e8b465ee728b)  -> (artifact id: 'c6d1b6c4a8c3c7a20e0ba64d329aa7a8') in 0.006176 seconds
  Import took 0.009316 seconds .

========================================================================
Received Import Request.
  Time since last request: 0.773372 seconds.
  path: Assets/Scenes/Stage/Stage1.unity
  artifactKey: Guid(5ce2d0baafa63a641a7c4f6e19bae63f) Importer(815301076,1909f56bfc062723c751e8b465ee728b)
Start importing Assets/Scenes/Stage/Stage1.unity using Guid(5ce2d0baafa63a641a7c4f6e19bae63f) Importer(815301076,1909f56bfc062723c751e8b465ee728b)  -> (artifact id: '455584e562818a12c4f17ba130ac2183') in 0.005353 seconds
  Import took 0.008235 seconds .

========================================================================
Received Import Request.
  Time since last request: 4.377671 seconds.
  path: Assets/Scenes/Stage/Stage2.unity
  artifactKey: Guid(28c23c52e0395114fbe29d9d0cb793e6) Importer(815301076,1909f56bfc062723c751e8b465ee728b)
Start importing Assets/Scenes/Stage/Stage2.unity using Guid(28c23c52e0395114fbe29d9d0cb793e6) Importer(815301076,1909f56bfc062723c751e8b465ee728b)  -> (artifact id: '262cbb977e87f043ce95328d0164ad6a') in 0.005667 seconds
  Import took 0.009002 seconds .

========================================================================
Received Import Request.
  Time since last request: 1.250170 seconds.
  path: Assets/Scenes/Stage/Stage3.unity
  artifactKey: Guid(9a3eb9a793bf30641acb91023d849dca) Importer(815301076,1909f56bfc062723c751e8b465ee728b)
Start importing Assets/Scenes/Stage/Stage3.unity using Guid(9a3eb9a793bf30641acb91023d849dca) Importer(815301076,1909f56bfc062723c751e8b465ee728b)  -> (artifact id: 'd71a30b467155684032d0a1ec82bc7e3') in 0.005921 seconds
  Import took 0.008857 seconds .

========================================================================
Received Prepare
Registering precompiled user dll's ...
Registered in 0.131174 seconds.
Begin MonoManager ReloadAssembly
Native extension for WindowsStandalone target not found
Native extension for WebGL target not found
Refreshing native plugins compatible for Editor in 0.50 ms, found 1 plugins.
Preloading 0 native plugins for Editor in 0.00 ms.
Mono: successfully reloaded assembly
- Completed reload, in  6.339 seconds
Platform modules already initialized, skipping
Refreshing native plugins compatible for Editor in 0.41 ms, found 1 plugins.
Preloading 0 native plugins for Editor in 0.00 ms.
Unloading 1844 Unused Serialized files (Serialized files now loaded: 0)
System memory in use before: 92.4 MB.
System memory in use after: 92.5 MB.

Unloading 7 unused Assets to reduce memory usage. Loaded Objects now: 2321.
Total: 2.079600 ms (FindLiveObjects: 0.231800 ms CreateObjectMapping: 0.050300 ms MarkObjects: 1.773500 ms  DeleteObjects: 0.022400 ms)

========================================================================
Received Prepare
Registering precompiled user dll's ...
Registered in 0.000933 seconds.
Begin MonoManager ReloadAssembly
Native extension for WindowsStandalone target not found
Native extension for WebGL target not found
Refreshing native plugins compatible for Editor in 0.63 ms, found 1 plugins.
Preloading 0 native plugins for Editor in 0.00 ms.
Mono: successfully reloaded assembly
- Completed reload, in  0.847 seconds
Platform modules already initialized, skipping
Refreshing native plugins compatible for Editor in 0.84 ms, found 1 plugins.
Preloading 0 native plugins for Editor in 0.00 ms.
Unloading 1844 Unused Serialized files (Serialized files now loaded: 0)
System memory in use before: 92.4 MB.
System memory in use after: 92.5 MB.

Unloading 7 unused Assets to reduce memory usage. Loaded Objects now: 2325.
Total: 2.665800 ms (FindLiveObjects: 0.376000 ms CreateObjectMapping: 0.065300 ms MarkObjects: 2.199200 ms  DeleteObjects: 0.023800 ms)

AssetImportWorkerClient::OnTransportError - code=2 error=End of file
