Using pre-set license
Built from '2020.3/release' branch; Version is '2020.3.7f1 (dd97f2c94397) revision 14522354'; Using compiler version '192528614'; Build Type 'Release'
OS: 'Windows 10 Home; OS build 19043.1766; Version 2009; 64bit' Language: 'ja' Physical Memory: 32698 MB
BatchMode: 1, IsHumanControllingUs: 0, StartBugReporterOnCrash: 0, Is64bit: 1, IsPro: 0

 COMMAND LINE ARGUMENTS:
C:\Program Files\2020.3.7f1\Editor\Unity.exe
-adb2
-batchMode
-noUpm
-name
AssetImportWorker0
-projectPath
C:/Users/nekut/OneDrive/ドキュメント/CoinRine
-logFile
Logs/AssetImportWorker0.log
-srvPort
58759
Successfully changed project path to: C:/Users/nekut/OneDrive/ドキュメント/CoinRine
C:/Users/nekut/OneDrive/ドキュメント/CoinRine
Using Asset Import Pipeline V2.
Refreshing native plugins compatible for Editor in 34.52 ms, found 1 plugins.
Preloading 0 native plugins for Editor in 0.00 ms.
Initialize engine version: 2020.3.7f1 (dd97f2c94397)
[Subsystems] Discovering subsystems at path C:/Program Files/2020.3.7f1/Editor/Data/Resources/UnitySubsystems
[Subsystems] Discovering subsystems at path C:/Users/nekut/OneDrive/ドキュメント/CoinRine/Assets
GfxDevice: creating device client; threaded=0
Direct3D:
    Version:  Direct3D 11.0 [level 11.1]
    Renderer: NVIDIA GeForce RTX 3060 (ID=0x2503)
    Vendor:   
    VRAM:     12143 MB
    Driver:   27.21.14.6172
Initialize mono
Mono path[0] = 'C:/Program Files/2020.3.7f1/Editor/Data/Managed'
Mono path[1] = 'C:/Program Files/2020.3.7f1/Editor/Data/MonoBleedingEdge/lib/mono/unityjit'
Mono config path = 'C:/Program Files/2020.3.7f1/Editor/Data/MonoBleedingEdge/etc'
Using monoOptions --debugger-agent=transport=dt_socket,embedding=1,server=y,suspend=n,address=127.0.0.1:56860
Begin MonoManager ReloadAssembly
Registering precompiled unity dll's ...
Register platform support module: C:/Program Files/2020.3.7f1/Editor/Data/PlaybackEngines/WebGLSupport/UnityEditor.WebGL.Extensions.dll
Register platform support module: C:/Program Files/2020.3.7f1/Editor/Data/PlaybackEngines/WindowsStandaloneSupport/UnityEditor.WindowsStandalone.Extensions.dll
Registered in 0.001992 seconds.
Native extension for WindowsStandalone target not found
Native extension for WebGL target not found
Refreshing native plugins compatible for Editor in 34.52 ms, found 1 plugins.
Preloading 0 native plugins for Editor in 0.00 ms.
Mono: successfully reloaded assembly
- Completed reload, in  1.147 seconds
Platform modules already initialized, skipping
Registering precompiled user dll's ...
Registered in 0.000695 seconds.
Begin MonoManager ReloadAssembly
Native extension for WindowsStandalone target not found
Native extension for WebGL target not found
Refreshing native plugins compatible for Editor in 32.80 ms, found 1 plugins.
Preloading 0 native plugins for Editor in 0.00 ms.
Mono: successfully reloaded assembly
- Completed reload, in  0.834 seconds
Platform modules already initialized, skipping
========================================================================
Worker process is ready to serve import requests
Launched and connected shader compiler UnityShaderCompiler.exe after 0.05 seconds
Refreshing native plugins compatible for Editor in 0.44 ms, found 1 plugins.
Preloading 0 native plugins for Editor in 0.00 ms.
Unloading 1860 Unused Serialized files (Serialized files now loaded: 0)
System memory in use before: 90.5 MB.
System memory in use after: 90.4 MB.

Unloading 24 unused Assets to reduce memory usage. Loaded Objects now: 2305.
Total: 2.249100 ms (FindLiveObjects: 0.292400 ms CreateObjectMapping: 0.046900 ms MarkObjects: 1.777400 ms  DeleteObjects: 0.131200 ms)

========================================================================
Received Import Request.
  path: Assets/Scenes/Stage/Stage1.unity
  artifactKey: Guid(5ce2d0baafa63a641a7c4f6e19bae63f) Importer(815301076,1909f56bfc062723c751e8b465ee728b)
Start importing Assets/Scenes/Stage/Stage1.unity using Guid(5ce2d0baafa63a641a7c4f6e19bae63f) Importer(815301076,1909f56bfc062723c751e8b465ee728b)  -> (artifact id: 'c359114d47951acbde2b7e54b30db7fb') in 0.017073 seconds
  Import took 0.020354 seconds .

========================================================================
Received Import Request.
  Time since last request: 73.411207 seconds.
  path: Assets/Scenes/Stage/Stage1.unity
  artifactKey: Guid(5ce2d0baafa63a641a7c4f6e19bae63f) Importer(815301076,1909f56bfc062723c751e8b465ee728b)
Start importing Assets/Scenes/Stage/Stage1.unity using Guid(5ce2d0baafa63a641a7c4f6e19bae63f) Importer(815301076,1909f56bfc062723c751e8b465ee728b)  -> (artifact id: '455584e562818a12c4f17ba130ac2183') in 0.002390 seconds
  Import took 0.005928 seconds .

========================================================================
Received Import Request.
  Time since last request: 2.132383 seconds.
  path: Assets/Scenes/Stage/Stage2.unity
  artifactKey: Guid(28c23c52e0395114fbe29d9d0cb793e6) Importer(815301076,1909f56bfc062723c751e8b465ee728b)
Start importing Assets/Scenes/Stage/Stage2.unity using Guid(28c23c52e0395114fbe29d9d0cb793e6) Importer(815301076,1909f56bfc062723c751e8b465ee728b)  -> (artifact id: '7076941be73a8e060775808c9810556c') in 0.005986 seconds
  Import took 0.009813 seconds .

========================================================================
Received Import Request.
  Time since last request: 217.920383 seconds.
  path: Assets/Scenes/Stage/Stage2.unity
  artifactKey: Guid(28c23c52e0395114fbe29d9d0cb793e6) Importer(815301076,1909f56bfc062723c751e8b465ee728b)
Start importing Assets/Scenes/Stage/Stage2.unity using Guid(28c23c52e0395114fbe29d9d0cb793e6) Importer(815301076,1909f56bfc062723c751e8b465ee728b)  -> (artifact id: '262cbb977e87f043ce95328d0164ad6a') in 0.002471 seconds
  Import took 0.006323 seconds .

========================================================================
Received Import Request.
  Time since last request: 40.196936 seconds.
  path: Assets/Scenes/Stage/Stage3.unity
  artifactKey: Guid(9a3eb9a793bf30641acb91023d849dca) Importer(815301076,1909f56bfc062723c751e8b465ee728b)
Start importing Assets/Scenes/Stage/Stage3.unity using Guid(9a3eb9a793bf30641acb91023d849dca) Importer(815301076,1909f56bfc062723c751e8b465ee728b)  -> (artifact id: '857d582ccced2f3f51c5b7746ea997f7') in 0.009854 seconds
  Import took 0.012918 seconds .

========================================================================
Received Import Request.
  Time since last request: 310.874922 seconds.
  path: Assets/Scenes/Stage/Stage8.unity
  artifactKey: Guid(c3358bc37aed1ef45a25b7b78da3f94c) Importer(815301076,1909f56bfc062723c751e8b465ee728b)
Start importing Assets/Scenes/Stage/Stage8.unity using Guid(c3358bc37aed1ef45a25b7b78da3f94c) Importer(815301076,1909f56bfc062723c751e8b465ee728b)  -> (artifact id: 'dfa89e36b14a3ad7d3f2863eaf2e7328') in 0.005589 seconds
  Import took 0.008959 seconds .

========================================================================
Received Import Request.
  Time since last request: 212.705327 seconds.
  path: Assets/Scenes/Stage/Stage3.unity
  artifactKey: Guid(9a3eb9a793bf30641acb91023d849dca) Importer(815301076,1909f56bfc062723c751e8b465ee728b)
Start importing Assets/Scenes/Stage/Stage3.unity using Guid(9a3eb9a793bf30641acb91023d849dca) Importer(815301076,1909f56bfc062723c751e8b465ee728b)  -> (artifact id: 'd71a30b467155684032d0a1ec82bc7e3') in 0.002601 seconds
  Import took 0.009524 seconds .

========================================================================
Received Import Request.
  Time since last request: 1.590195 seconds.
  path: Assets/Scenes/Stage/Stage4.unity
  artifactKey: Guid(3383cc99bacb11e4294eaae2d07b4b84) Importer(815301076,1909f56bfc062723c751e8b465ee728b)
Start importing Assets/Scenes/Stage/Stage4.unity using Guid(3383cc99bacb11e4294eaae2d07b4b84) Importer(815301076,1909f56bfc062723c751e8b465ee728b)  -> (artifact id: '56319c0c111745ceb59664de9f5fa429') in 0.005540 seconds
  Import took 0.012155 seconds .

========================================================================
Received Import Request.
  Time since last request: 0.867495 seconds.
  path: Assets/Scenes/Stage/Stage5.unity
  artifactKey: Guid(e90d119ccdf0f3246a056fe790ce6b89) Importer(815301076,1909f56bfc062723c751e8b465ee728b)
Start importing Assets/Scenes/Stage/Stage5.unity using Guid(e90d119ccdf0f3246a056fe790ce6b89) Importer(815301076,1909f56bfc062723c751e8b465ee728b)  -> (artifact id: '7e34da1012879fea9b879a5f5d71b6fc') in 0.005392 seconds
  Import took 0.011960 seconds .

========================================================================
Received Import Request.
  Time since last request: 1.084284 seconds.
  path: Assets/Scenes/Stage/Stage6.unity
  artifactKey: Guid(232b160a475056740a3267da18c9992f) Importer(815301076,1909f56bfc062723c751e8b465ee728b)
Start importing Assets/Scenes/Stage/Stage6.unity using Guid(232b160a475056740a3267da18c9992f) Importer(815301076,1909f56bfc062723c751e8b465ee728b)  -> (artifact id: '9081f64e2695812dfbea5d0ce78b10c6') in 0.006810 seconds
  Import took 0.010341 seconds .

========================================================================
Received Import Request.
  Time since last request: 4.341973 seconds.
  path: Assets/Scenes/Stage/Stage7.unity
  artifactKey: Guid(93116d8528842a841b6db65f17a13416) Importer(815301076,1909f56bfc062723c751e8b465ee728b)
Start importing Assets/Scenes/Stage/Stage7.unity using Guid(93116d8528842a841b6db65f17a13416) Importer(815301076,1909f56bfc062723c751e8b465ee728b)  -> (artifact id: '1a8cc54935e32065e7d33ca3ecbcc943') in 0.006744 seconds
  Import took 0.010366 seconds .

========================================================================
Received Import Request.
  Time since last request: 11.626366 seconds.
  path: Assets/Scenes/Stage/Stage6.unity
  artifactKey: Guid(232b160a475056740a3267da18c9992f) Importer(815301076,1909f56bfc062723c751e8b465ee728b)
Start importing Assets/Scenes/Stage/Stage6.unity using Guid(232b160a475056740a3267da18c9992f) Importer(815301076,1909f56bfc062723c751e8b465ee728b)  -> (artifact id: '65f8e8664f0246899d6b100e6a5020d3') in 0.002275 seconds
  Import took 0.008792 seconds .

========================================================================
Received Import Request.
  Time since last request: 4.374501 seconds.
  path: Assets/Scenes/Stage/Stage7.unity
  artifactKey: Guid(93116d8528842a841b6db65f17a13416) Importer(815301076,1909f56bfc062723c751e8b465ee728b)
Start importing Assets/Scenes/Stage/Stage7.unity using Guid(93116d8528842a841b6db65f17a13416) Importer(815301076,1909f56bfc062723c751e8b465ee728b)  -> (artifact id: '7566d9296dad4a727ef24bcb886169e1') in 0.002330 seconds
  Import took 0.005423 seconds .

========================================================================
Received Import Request.
  Time since last request: 13.733382 seconds.
  path: Assets/Scenes/Stage/Stage9.unity
  artifactKey: Guid(8abd67b39acd936418d6a0ed696009d3) Importer(815301076,1909f56bfc062723c751e8b465ee728b)
Start importing Assets/Scenes/Stage/Stage9.unity using Guid(8abd67b39acd936418d6a0ed696009d3) Importer(815301076,1909f56bfc062723c751e8b465ee728b)  -> (artifact id: 'b6047821849fc0265691ac4da42762f4') in 0.005958 seconds
  Import took 0.009306 seconds .

========================================================================
Received Import Request.
  Time since last request: 6.350333 seconds.
  path: Assets/Scenes/Stage/Stage10.unity
  artifactKey: Guid(96c99e66cdaf1e945b6320fe190881fe) Importer(815301076,1909f56bfc062723c751e8b465ee728b)
Start importing Assets/Scenes/Stage/Stage10.unity using Guid(96c99e66cdaf1e945b6320fe190881fe) Importer(815301076,1909f56bfc062723c751e8b465ee728b)  -> (artifact id: 'c68648c21c38491e140445e50dd86c46') in 0.005576 seconds
  Import took 0.009291 seconds .

========================================================================
Received Import Request.
  Time since last request: 2.084662 seconds.
  path: Assets/Scenes/Stage/Stage11.unity
  artifactKey: Guid(170e6745a67d8e44db378a29b68117fb) Importer(815301076,1909f56bfc062723c751e8b465ee728b)
Start importing Assets/Scenes/Stage/Stage11.unity using Guid(170e6745a67d8e44db378a29b68117fb) Importer(815301076,1909f56bfc062723c751e8b465ee728b)  -> (artifact id: '80ea385869962e2091c09664991d76c4') in 0.005967 seconds
  Import took 0.008982 seconds .

========================================================================
Received Import Request.
  Time since last request: 4.170444 seconds.
  path: Assets/Scenes/Stage/Stage12.unity
  artifactKey: Guid(dd921ddbd538be14fb6d942728a1c2e9) Importer(815301076,1909f56bfc062723c751e8b465ee728b)
Start importing Assets/Scenes/Stage/Stage12.unity using Guid(dd921ddbd538be14fb6d942728a1c2e9) Importer(815301076,1909f56bfc062723c751e8b465ee728b)  -> (artifact id: '2d1322080363e45ac261f51c728f06ba') in 0.005667 seconds
  Import took 0.012404 seconds .

AssetImportWorkerClient::OnTransportError - code=2 error=End of file
